<?xml version="1.0" encoding="UTF-8"?>
<!-- Generated by org.testng.reporters.JUnitXMLReporter -->
<testsuite hostname="LAPTOP-91J108P6" ignored="0" name="Sanity Test" tests="2" failures="0" timestamp="2022-12-13T20:55:06 GMT" time="36.063" errors="0">
  <testcase name="userShouldNavigateToLoginPageSuccessfully" time="3.498" classname="com.ultimaqa.courses.testsuite.HomePageTest"/>
  <testcase name="verifyTheErrorMessage" time="7.787" classname="com.ultimaqa.courses.testsuite.LoginPageTest"/>
</testsuite> <!-- Sanity Test -->
