<?xml version="1.0" encoding="UTF-8"?>
<!-- Generated by org.testng.reporters.JUnitXMLReporter -->
<testsuite hostname="LAPTOP-91J108P6" ignored="0" name="Sanity Test" tests="2" failures="0" timestamp="2022-12-13T20:59:47 GMT" time="29.481" errors="0">
  <testcase name="userShouldNavigateToLoginPageSuccessfully" time="2.919" classname="com.ultimaqa.courses.testsuite.HomePageTest"/>
  <testcase name="verifyTheErrorMessage" time="5.97" classname="com.ultimaqa.courses.testsuite.LoginPageTest"/>
</testsuite> <!-- Sanity Test -->
