<?xml version="1.0" encoding="UTF-8"?>
<!-- Generated by org.testng.reporters.JUnitXMLReporter -->
<testsuite hostname="LAPTOP-91J108P6" ignored="0" name="smoke Test" tests="2" failures="0" timestamp="2022-12-13T20:58:35 GMT" time="32.569" errors="0">
  <testcase name="userShouldNavigateToLoginPageSuccessfully" time="3.483" classname="com.ultimaqa.courses.testsuite.HomePageTest"/>
  <testcase name="verifyTheErrorMessage" time="7.741" classname="com.ultimaqa.courses.testsuite.LoginPageTest"/>
</testsuite> <!-- smoke Test -->
