<?xml version="1.0" encoding="UTF-8"?>
<!-- Generated by org.testng.reporters.JUnitXMLReporter -->
<testsuite hostname="LAPTOP-91J108P6" ignored="0" name="Login Test" tests="2" failures="0" timestamp="2022-12-13T21:11:25 GMT" time="41.38" errors="0">
  <testcase name="userShouldNavigateToLoginPageSuccessfully" time="5.112" classname="com.ultimaqa.courses.testsuite.HomePageTest"/>
  <testcase name="verifyTheErrorMessage" time="6.953" classname="com.ultimaqa.courses.testsuite.LoginPageTest"/>
</testsuite> <!-- Login Test -->
